Log file open, 03/15/18 23:04:24
LogWindows: Failed to load 'aqProf.dll' (GetLastError=126)
LogWindows: File 'aqProf.dll' does not exist
LogWindows: Failed to load 'VSPerf140.dll' (GetLastError=126)
LogWindows: File 'VSPerf140.dll' does not exist
LogWindows: Failed to load 'VtuneApi.dll' (GetLastError=126)
LogWindows: File 'VtuneApi.dll' does not exist
LogWindows: Failed to load 'VtuneApi32e.dll' (GetLastError=126)
LogWindows: File 'VtuneApi32e.dll' does not exist
LogInit: Display: Running engine for game: FpsGame
LogPlatformFile: Not using cached read wrapper
LogInit: Display: RandInit(1891359592) SRandInit(1891359592).
LogInit: Read version file with build ID '3709383'
LogInit: Overriding engine version to CL 3832480, compatible CL 3709383
LogInit: Registered custom module enumerator with build ID '3709383'
LogTaskGraph: Started task graph with 5 named threads and 14 total threads with 3 sets of task threads.
LogStats: Stats thread started at 0.181861
LogD3D11RHI: Aftermath initialized
LogModuleManager: Display: Found up-to-date module file ../../../Engine/Plugins/2D/Paper2D/Binaries/Win64/UE4Editor-Paper2D.dll (API version 3709383).
LogModuleManager: Display: Found up-to-date module file ../../../Engine/Plugins/2D/Paper2D/Binaries/Win64/UE4Editor-Paper2DEditor.dll (API version 3709383).
LogModuleManager: Display: Found up-to-date module file ../../../Engine/Plugins/2D/Paper2D/Binaries/Win64/UE4Editor-PaperSpriteSheetImporter.dll (API version 3709383).
LogModuleManager: Display: Found up-to-date module file ../../../Engine/Plugins/2D/Paper2D/Binaries/Win64/UE4Editor-PaperTiledImporter.dll (API version 3709383).
LogModuleManager: Display: Found up-to-date module file ../../../Engine/Plugins/2D/Paper2D/Binaries/Win64/UE4Editor-SmartSnapping.dll (API version 3709383).
LogModuleManager: Display: Found up-to-date module file ../../../Engine/Plugins/Blendables/LightPropagationVolume/Binaries/Win64/UE4Editor-LightPropagationVolumeRuntime.dll (API version 3709383).
LogModuleManager: Display: Found up-to-date module file ../../../Engine/Plugins/Blendables/LightPropagationVolume/Binaries/Win64/UE4Editor-LightPropagationVolumeEditor.dll (API version 3709383).
LogModuleManager: Display: Found up-to-date module file ../../../Engine/Plugins/Developer/GitSourceControl/Binaries/Win64/UE4Editor-GitSourceControl.dll (API version 3709383).
LogModuleManager: Display: Found up-to-date module file ../../../Engine/Plugins/Developer/PerforceSourceControl/Binaries/Win64/UE4Editor-PerforceSourceControl.dll (API version 3709383).
LogModuleManager: Display: Found up-to-date module file ../../../Engine/Plugins/Developer/SubversionSourceControl/Binaries/Win64/UE4Editor-SubversionSourceControl.dll (API version 3709383).
LogModuleManager: Display: Found up-to-date module file ../../../Engine/Plugins/Developer/UObjectPlugin/Binaries/Win64/UE4Editor-UObjectPlugin.dll (API version 3709383).
LogModuleManager: Display: Found up-to-date module file ../../../Engine/Plugins/Developer/VisualStudioCodeSourceCodeAccess/Binaries/Win64/UE4Editor-VisualStudioCodeSourceCodeAccess.dll (API version 3709383).
LogModuleManager: Display: Found up-to-date module file ../../../Engine/Plugins/Developer/VisualStudioSourceCodeAccess/Binaries/Win64/UE4Editor-VisualStudioSourceCodeAccess.dll (API version 3709383).
LogModuleManager: Display: Found up-to-date module file ../../../Engine/Plugins/Editor/AssetManagerEditor/Binaries/Win64/UE4Editor-AssetManagerEditor.dll (API version 3709383).
LogModuleManager: Display: Found up-to-date module file ../../../Engine/Plugins/Editor/AudioCapture/Binaries/Win64/UE4Editor-AudioCapture.dll (API version 3709383).
LogModuleManager: Display: Found up-to-date module file ../../../Engine/Plugins/Editor/FacialAnimation/Binaries/Win64/UE4Editor-FacialAnimation.dll (API version 3709383).
LogModuleManager: Display: Found up-to-date module file ../../../Engine/Plugins/Editor/FacialAnimation/Binaries/Win64/UE4Editor-FacialAnimationEditor.dll (API version 3709383).
LogModuleManager: Display: Found up-to-date module file ../../../Engine/Plugins/Editor/GameplayTagsEditor/Binaries/Win64/UE4Editor-GameplayTagsEditor.dll (API version 3709383).
LogModuleManager: Display: Found up-to-date module file ../../../Engine/Plugins/Editor/MobileLauncherProfileWizard/Binaries/Win64/UE4Editor-MobileLauncherProfileWizard.dll (API version 3709383).
LogModuleManager: Display: Found up-to-date module file ../../../Engine/Plugins/Editor/PluginBrowser/Binaries/Win64/UE4Editor-PluginBrowser.dll (API version 3709383).
LogModuleManager: Display: Found up-to-date module file ../../../Engine/Plugins/Editor/SpeedTreeImporter/Binaries/Win64/UE4Editor-SpeedTreeImporter.dll (API version 3709383).
LogModuleManager: Display: Found up-to-date module file ../../../Engine/Plugins/Experimental/AlembicImporter/Binaries/Win64/UE4Editor-AlembicImporter.dll (API version 3709383).
LogModuleManager: Display: Found up-to-date module file ../../../Engine/Plugins/Experimental/AlembicImporter/Binaries/Win64/UE4Editor-AlembicLibrary.dll (API version 3709383).
LogModuleManager: Display: Found up-to-date module file ../../../Engine/Plugins/Experimental/CharacterAI/Binaries/Win64/UE4Editor-CharacterAI.dll (API version 3709383).
LogModuleManager: Display: Found up-to-date module file ../../../Engine/Plugins/Experimental/HTML5Networking/Binaries/Win64/UE4Editor-HTML5Networking.dll (API version 3709383).
LogModuleManager: Display: Found up-to-date module file ../../../Engine/Plugins/Media/AndroidMedia/Binaries/Win64/UE4Editor-AndroidMediaEditor.dll (API version 3709383).
LogModuleManager: Display: Found up-to-date module file ../../../Engine/Plugins/Media/AndroidMedia/Binaries/Win64/UE4Editor-AndroidMediaFactory.dll (API version 3709383).
LogModuleManager: Display: Found up-to-date module file ../../../Engine/Plugins/Media/AvfMedia/Binaries/Win64/UE4Editor-AvfMediaEditor.dll (API version 3709383).
LogModuleManager: Display: Found up-to-date module file ../../../Engine/Plugins/Media/AvfMedia/Binaries/Win64/UE4Editor-AvfMediaFactory.dll (API version 3709383).
LogModuleManager: Display: Found up-to-date module file ../../../Engine/Plugins/Media/AvfMedia/Binaries/Win64/UE4Editor-AvfMediaFactory.dll (API version 3709383).
LogModuleManager: Display: Found up-to-date module file ../../../Engine/Plugins/Media/ImgMedia/Binaries/Win64/UE4Editor-ImgMedia.dll (API version 3709383).
LogModuleManager: Display: Found up-to-date module file ../../../Engine/Plugins/Media/ImgMedia/Binaries/Win64/UE4Editor-ImgMediaEditor.dll (API version 3709383).
LogModuleManager: Display: Found up-to-date module file ../../../Engine/Plugins/Media/ImgMedia/Binaries/Win64/UE4Editor-ImgMediaFactory.dll (API version 3709383).
LogModuleManager: Display: Found up-to-date module file ../../../Engine/Plugins/Media/ImgMedia/Binaries/Win64/UE4Editor-ImgMediaFactory.dll (API version 3709383).
LogModuleManager: Display: Found up-to-date module file ../../../Engine/Plugins/Media/ImgMedia/Binaries/Win64/UE4Editor-OpenExrWrapper.dll (API version 3709383).
LogModuleManager: Display: Found up-to-date module file ../../../Engine/Plugins/Media/MediaCompositing/Binaries/Win64/UE4Editor-MediaCompositing.dll (API version 3709383).
LogModuleManager: Display: Found up-to-date module file ../../../Engine/Plugins/Media/MediaCompositing/Binaries/Win64/UE4Editor-MediaCompositingEditor.dll (API version 3709383).
LogModuleManager: Display: Found up-to-date module file ../../../Engine/Plugins/Media/MediaPlayerEditor/Binaries/Win64/UE4Editor-MediaPlayerEditor.dll (API version 3709383).
LogModuleManager: Display: Found up-to-date module file ../../../Engine/Plugins/Media/WmfMedia/Binaries/Win64/UE4Editor-WmfMedia.dll (API version 3709383).
LogModuleManager: Display: Found up-to-date module file ../../../Engine/Plugins/Media/WmfMedia/Binaries/Win64/UE4Editor-WmfMediaEditor.dll (API version 3709383).
LogModuleManager: Display: Found up-to-date module file ../../../Engine/Plugins/Media/WmfMedia/Binaries/Win64/UE4Editor-WmfMediaFactory.dll (API version 3709383).
LogModuleManager: Display: Found up-to-date module file ../../../Engine/Plugins/Media/WmfMedia/Binaries/Win64/UE4Editor-WmfMediaFactory.dll (API version 3709383).
LogModuleManager: Display: Found up-to-date module file ../../../Engine/Plugins/Messaging/TcpMessaging/Binaries/Win64/UE4Editor-TcpMessaging.dll (API version 3709383).
LogModuleManager: Display: Found up-to-date module file ../../../Engine/Plugins/Messaging/UdpMessaging/Binaries/Win64/UE4Editor-UdpMessaging.dll (API version 3709383).
LogModuleManager: Display: Found up-to-date module file ../../../Engine/Plugins/MovieScene/ActorSequence/Binaries/Win64/UE4Editor-ActorSequence.dll (API version 3709383).
LogModuleManager: Display: Found up-to-date module file ../../../Engine/Plugins/MovieScene/LevelSequenceEditor/Binaries/Win64/UE4Editor-LevelSequenceEditor.dll (API version 3709383).
LogModuleManager: Display: Found up-to-date module file ../../../Engine/Plugins/MovieScene/MatineeToLevelSequence/Binaries/Win64/UE4Editor-MatineeToLevelSequence.dll (API version 3709383).
LogModuleManager: Display: Found up-to-date module file ../../../Engine/Plugins/Online/OnlineSubsystem/Binaries/Win64/UE4Editor-OnlineSubsystem.dll (API version 3709383).
LogModuleManager: Display: Found up-to-date module file ../../../Engine/Plugins/Runtime/AndroidPermission/Binaries/Win64/UE4Editor-AndroidPermission.dll (API version 3709383).
LogModuleManager: Display: Found up-to-date module file ../../../Engine/Plugins/Online/OnlineSubsystemNull/Binaries/Win64/UE4Editor-OnlineSubsystemNull.dll (API version 3709383).
LogModuleManager: Display: Found up-to-date module file ../../../Engine/Plugins/Online/OnlineSubsystemUtils/Binaries/Win64/UE4Editor-OnlineSubsystemUtils.dll (API version 3709383).
LogModuleManager: Display: Found up-to-date module file ../../../Engine/Plugins/Online/OnlineSubsystemUtils/Binaries/Win64/UE4Editor-OnlineBlueprintSupport.dll (API version 3709383).
LogModuleManager: Display: Found up-to-date module file ../../../Engine/Plugins/Runtime/AndroidDeviceProfileSelector/Binaries/Win64/UE4Editor-AndroidDeviceProfileSelector.dll (API version 3709383).
LogModuleManager: Display: Found up-to-date module file ../../../Engine/Plugins/Runtime/AppleARKit/Binaries/Win64/UE4Editor-AppleARKit.dll (API version 3709383).
LogModuleManager: Display: Found up-to-date module file ../../../Engine/Plugins/Runtime/ArchVisCharacter/Binaries/Win64/UE4Editor-ArchVisCharacter.dll (API version 3709383).
LogModuleManager: Display: Found up-to-date module file ../../../Engine/Plugins/Runtime/CableComponent/Binaries/Win64/UE4Editor-CableComponent.dll (API version 3709383).
LogModuleManager: Display: Found up-to-date module file ../../../Engine/Plugins/Runtime/CustomMeshComponent/Binaries/Win64/UE4Editor-CustomMeshComponent.dll (API version 3709383).
LogModuleManager: Display: Found up-to-date module file ../../../Engine/Plugins/Runtime/ExampleDeviceProfileSelector/Binaries/Win64/UE4Editor-ExampleDeviceProfileSelector.dll (API version 3709383).
LogModuleManager: Display: Found up-to-date module file ../../../Engine/Plugins/Runtime/ImmediatePhysics/Binaries/Win64/UE4Editor-ImmediatePhysics.dll (API version 3709383).
LogModuleManager: Display: Found up-to-date module file ../../../Engine/Plugins/Runtime/ImmediatePhysics/Binaries/Win64/UE4Editor-ImmediatePhysicsEditor.dll (API version 3709383).
LogModuleManager: Display: Found up-to-date module file ../../../Engine/Plugins/Runtime/LocationServicesBPLibrary/Binaries/Win64/UE4Editor-LocationServicesBPLibrary.dll (API version 3709383).
LogModuleManager: Display: Found up-to-date module file ../../../Engine/Plugins/Runtime/MobilePatchingUtils/Binaries/Win64/UE4Editor-MobilePatchingUtils.dll (API version 3709383).
LogModuleManager: Display: Found up-to-date module file ../../../Engine/Plugins/Runtime/Oculus/OculusVR/Binaries/Win64/UE4Editor-OculusHMD.dll (API version 3709383).
LogModuleManager: Display: Found up-to-date module file ../../../Engine/Plugins/Runtime/Oculus/OculusVR/Binaries/Win64/UE4Editor-OculusInput.dll (API version 3709383).
LogModuleManager: Display: Found up-to-date module file ../../../Engine/Plugins/Runtime/Oculus/OculusVR/Binaries/Win64/UE4Editor-OculusEditor.dll (API version 3709383).
LogModuleManager: Display: Found up-to-date module file ../../../Engine/Plugins/Runtime/PhysXVehicles/Binaries/Win64/UE4Editor-PhysXVehicles.dll (API version 3709383).
LogModuleManager: Display: Found up-to-date module file ../../../Engine/Plugins/Runtime/PhysXVehicles/Binaries/Win64/UE4Editor-PhysXVehiclesEditor.dll (API version 3709383).
LogModuleManager: Display: Found up-to-date module file ../../../Engine/Plugins/Runtime/ProceduralMeshComponent/Binaries/Win64/UE4Editor-ProceduralMeshComponent.dll (API version 3709383).
LogModuleManager: Display: Found up-to-date module file ../../../Engine/Plugins/Runtime/ProceduralMeshComponent/Binaries/Win64/UE4Editor-ProceduralMeshComponentEditor.dll (API version 3709383).
LogModuleManager: Display: Found up-to-date module file ../../../Engine/Plugins/Runtime/RuntimePhysXCooking/Binaries/Win64/UE4Editor-RuntimePhysXCooking.dll (API version 3709383).
LogModuleManager: Display: Found up-to-date module file ../../../Engine/Plugins/Runtime/Steam/SteamVR/Binaries/Win64/UE4Editor-SteamVR.dll (API version 3709383).
LogModuleManager: Display: Found up-to-date module file ../../../Engine/Plugins/Runtime/Steam/SteamVR/Binaries/Win64/UE4Editor-SteamVRController.dll (API version 3709383).
LogModuleManager: Display: Found up-to-date module file ../../../Engine/Plugins/Runtime/WindowsMoviePlayer/Binaries/Win64/UE4Editor-WindowsMoviePlayer.dll (API version 3709383).
LogPluginManager: Mounting plugin Paper2D
LogPluginManager: Mounting plugin LightPropagationVolume
LogPluginManager: Mounting plugin CodeLiteSourceCodeAccess
LogPluginManager: Mounting plugin GitSourceControl
LogPluginManager: Mounting plugin KDevelopSourceCodeAccess
LogPluginManager: Mounting plugin NullSourceCodeAccess
LogPluginManager: Mounting plugin PerforceSourceControl
LogPluginManager: Mounting plugin SubversionSourceControl
LogPluginManager: Mounting plugin UObjectPlugin
LogPluginManager: Mounting plugin VisualStudioCodeSourceCodeAccess
LogPluginManager: Mounting plugin VisualStudioSourceCodeAccess
LogPluginManager: Mounting plugin XCodeSourceCodeAccess
LogPluginManager: Mounting plugin AssetManagerEditor
LogPluginManager: Mounting plugin AudioCapture
LogPluginManager: Mounting plugin FacialAnimation
LogPluginManager: Mounting plugin GameplayTagsEditor
LogPluginManager: Mounting plugin MobileLauncherProfileWizard
LogPluginManager: Mounting plugin PluginBrowser
LogPluginManager: Mounting plugin SpeedTreeImporter
LogPluginManager: Mounting plugin AlembicImporter
LogPluginManager: Mounting plugin CharacterAI
LogPluginManager: Mounting plugin HTML5Networking
LogPluginManager: Mounting plugin AndroidMedia
LogPluginManager: Mounting plugin AvfMedia
LogPluginManager: Mounting plugin ImgMedia
LogPluginManager: Mounting plugin MediaCompositing
LogPluginManager: Mounting plugin MediaPlayerEditor
LogPluginManager: Mounting plugin WmfMedia
LogPluginManager: Mounting plugin TcpMessaging
LogPluginManager: Mounting plugin UdpMessaging
LogPluginManager: Mounting plugin ActorSequence
LogPluginManager: Mounting plugin LevelSequenceEditor
LogPluginManager: Mounting plugin MatineeToLevelSequence
LogPluginManager: Mounting plugin OnlineSubsystemGooglePlay
LogPluginManager: Mounting plugin OnlineSubsystemIOS
LogPluginManager: Mounting plugin OnlineSubsystem
LogPluginManager: Mounting plugin OnlineSubsystemNull
LogPluginManager: Mounting plugin OnlineSubsystemUtils
LogPluginManager: Mounting plugin AndroidDeviceProfileSelector
LogPluginManager: Mounting plugin AndroidMoviePlayer
LogPluginManager: Mounting plugin AndroidPermission
LogPluginManager: Mounting plugin AppleARKit
LogPluginManager: Mounting plugin AppleMoviePlayer
LogPluginManager: Mounting plugin ArchVisCharacter
LogPluginManager: Mounting plugin CableComponent
LogPluginManager: Mounting plugin CustomMeshComponent
LogPluginManager: Mounting plugin ExampleDeviceProfileSelector
LogPluginManager: Mounting plugin GoogleCloudMessaging
LogPluginManager: Mounting plugin ImmediatePhysics
LogPluginManager: Mounting plugin IOSDeviceProfileSelector
LogPluginManager: Mounting plugin LinuxDeviceProfileSelector
LogPluginManager: Mounting plugin LocationServicesBPLibrary
LogPluginManager: Mounting plugin MobilePatchingUtils
LogPluginManager: Mounting plugin OculusVR
LogPluginManager: Plugin shader directory ../../../Engine/Plugins/Runtime/Oculus/OculusVR/Shaders found
LogPluginManager: Mapping shader source directory ../../../Engine/Plugins/Runtime/Oculus/OculusVR/Shaders to virtual directory /Plugin/OculusVR
LogPluginManager: Mounting plugin PhysXVehicles
LogPluginManager: Mounting plugin ProceduralMeshComponent
LogPluginManager: Mounting plugin RuntimePhysXCooking
LogPluginManager: Mounting plugin SteamVR
LogPluginManager: Mounting plugin WindowsMoviePlayer
LogInit: Using libcurl 7.47.1
LogInit:  - built for x86_64-pc-win32
LogInit:  - supports SSL with OpenSSL/1.0.2g
LogInit:  - supports HTTP deflate (compression) using libz 1.2.8
LogInit:  - other features:
LogInit:      CURL_VERSION_SSL
LogInit:      CURL_VERSION_LIBZ
LogInit:      CURL_VERSION_IPV6
LogInit:      CURL_VERSION_ASYNCHDNS
LogInit:      CURL_VERSION_LARGEFILE
LogInit:      CURL_VERSION_IDN
LogInit:  CurlRequestOptions (configurable via config and command line):
LogInit:  - bVerifyPeer = false  - Libcurl will NOT verify peer certificate
LogInit:  - bUseHttpProxy = false  - Libcurl will NOT use HTTP proxy
LogInit:  - bDontReuseConnections = false  - Libcurl will reuse connections
LogInit:  - CertBundlePath = nullptr  - Libcurl will use whatever was configured at build time.
LogInit: Build: ++UE4+Release-4.18-CL-3832480
LogInit: Engine Version: 4.18.3-3832480+++UE4+Release-4.18
LogInit: Compatible Engine Version: 4.18.0-3709383+++UE4+Release-4.18
LogInit: Net CL: 3709383
LogDevObjectVersion: Number of dev versions registered: 16
LogDevObjectVersion:   Dev-Blueprints (B0D832E4-1F89-4F0D-ACCF-7EB736FD4AA2): 10
LogDevObjectVersion:   Dev-Build (E1C64328-A22C-4D53-A36C-8E866417BD8C): 0
LogDevObjectVersion:   Dev-Core (375EC13C-06E4-48FB-B500-84F0262A717E): 2
LogDevObjectVersion:   Dev-Editor (E4B068ED-F494-42E9-A231-DA0B2E46BB41): 20
LogDevObjectVersion:   Dev-Framework (CFFC743F-43B0-4480-9391-14DF171D2073): 30
LogDevObjectVersion:   Dev-Mobile (B02B49B5-BB20-44E9-A304-32B752E40360): 0
LogDevObjectVersion:   Dev-Networking (A4E4105C-59A1-49B5-A7C5-40C4547EDFEE): 0
LogDevObjectVersion:   Dev-Online (39C831C9-5AE6-47DC-9A44-9C173E1C8E7C): 0
LogDevObjectVersion:   Dev-Physics (78F01B33-EBEA-4F98-B9B4-84EACCB95AA2): 0
LogDevObjectVersion:   Dev-Platform (6631380F-2D4D-43E0-8009-CF276956A95A): 0
LogDevObjectVersion:   Dev-Rendering (12F88B9F-8875-4AFC-A67C-D90C383ABD29): 20
LogDevObjectVersion:   Dev-Sequencer (7B5AE74C-D270-4C10-A958-57980B212A5A): 4
LogDevObjectVersion:   Dev-VR (D7296918-1DD6-4BDD-9DE2-64A83CC13884): 0
LogDevObjectVersion:   Dev-LoadTimes (C2A15278-BFE7-4AFE-6C17-90FF531DF755): 1
LogDevObjectVersion:   Private-Geometry (6EACA3D4-40EC-4CC1-B786-8BED09428FC5): 1
LogDevObjectVersion:   Dev-AnimPhys (29E575DD-E0A3-4627-9D10-D276232CDCEA): 12
LogInit: Compiled (64-bit): Jan 12 2018 02:04:55
LogInit: Compiled with Visual C++: 19.00.24215.01
LogInit: Build Configuration: Development
LogInit: Branch Name: ++UE4+Release-4.18
LogInit: Command line: 
LogInit: Base directory: D:/Program Files/Epic Games/UE_4.18/Engine/Binaries/Win64/
LogInit: Installed Engine Build: 1
LogInit: Presizing for max 8388607 objects, including 0 objects not considered by GC, pre-allocating 0 bytes for permanent pool.
LogInit: Object subsystem initialized
[2018.03.15-15.04.25:945][  0]LogInit: Selected Device Profile: [Windows]
[2018.03.15-15.04.25:945][  0]LogInit: Applying CVar settings loaded from the selected device profile: [Windows]
[2018.03.15-15.04.25:953][  0]LogInit: Computer: ADVANT
[2018.03.15-15.04.25:953][  0]LogInit: User: VULCAN
[2018.03.15-15.04.25:953][  0]LogInit: CPU Page size=4096, Cores=4
[2018.03.15-15.04.25:953][  0]LogInit: High frequency timer resolution =2.742183 MHz
[2018.03.15-15.04.25:953][  0]LogMemory: Memory total: Physical=15.9GB (16GB approx)
[2018.03.15-15.04.25:953][  0]LogMemory: Platform Memory Stats for Windows
[2018.03.15-15.04.25:953][  0]LogMemory: Process Physical Memory: 274.04 MB used, 274.04 MB peak
[2018.03.15-15.04.25:953][  0]LogMemory: Process Virtual Memory: 271.96 MB used, 271.96 MB peak
[2018.03.15-15.04.25:953][  0]LogMemory: Physical Memory: 4434.17 MB used,  11870.42 MB free, 16304.59 MB total
[2018.03.15-15.04.25:953][  0]LogMemory: Virtual Memory: 678.93 MB used,  11870.42 MB free, 134217728.00 MB total
[2018.03.15-15.04.26:297][  0]LogInit: Using OS detected language (zh-CN).
[2018.03.15-15.04.26:297][  0]LogInit: Using OS detected locale (zh-CN).
[2018.03.15-15.04.26:696][  0]LogD3D11RHI: D3D11 adapters:
[2018.03.15-15.04.26:760][  0]LogD3D11RHI:    0. 'NVIDIA GeForce GTX 1060' (Feature Level 11_0)
[2018.03.15-15.04.26:760][  0]LogD3D11RHI:       6052/0/8152 MB DedicatedVideo/DedicatedSystem/SharedSystem, Outputs:2, VendorId:0x10de
[2018.03.15-15.04.27:296][  0]LogD3D11RHI:    1. 'Intel(R) HD Graphics 630' (Feature Level 11_0)
[2018.03.15-15.04.27:296][  0]LogD3D11RHI:       128/0/8152 MB DedicatedVideo/DedicatedSystem/SharedSystem, Outputs:0, VendorId:0x8086
[2018.03.15-15.04.27:299][  0]LogD3D11RHI:    2. 'Microsoft Basic Render Driver' (Feature Level 11_0)
[2018.03.15-15.04.27:299][  0]LogD3D11RHI:       0/0/8152 MB DedicatedVideo/DedicatedSystem/SharedSystem, Outputs:0, VendorId:0x1414
[2018.03.15-15.04.27:299][  0]LogD3D11RHI: Chosen D3D11 Adapter: 0
[2018.03.15-15.04.27:306][  0]LogD3D11RHI: Creating new Direct3DDevice
[2018.03.15-15.04.27:306][  0]LogD3D11RHI:     GPU DeviceId: 0x1c20 (for the marketing name, search the web for "GPU Device Id")
[2018.03.15-15.04.27:307][  0]LogWindows: EnumDisplayDevices:
[2018.03.15-15.04.27:307][  0]LogWindows:    0. 'NVIDIA GeForce GTX 1060' (P:0 D:1)
[2018.03.15-15.04.27:307][  0]LogWindows:    1. 'NVIDIA GeForce GTX 1060' (P:1 D:1)
[2018.03.15-15.04.27:307][  0]LogWindows:    2. 'NVIDIA GeForce GTX 1060' (P:0 D:0)
[2018.03.15-15.04.27:307][  0]LogWindows:    3. 'NVIDIA GeForce GTX 1060' (P:0 D:0)
[2018.03.15-15.04.27:307][  0]LogWindows:    4. 'Intel(R) HD Graphics 630' (P:0 D:0)
[2018.03.15-15.04.27:308][  0]LogWindows:    5. 'Intel(R) HD Graphics 630' (P:0 D:0)
[2018.03.15-15.04.27:308][  0]LogWindows: DebugString: GetVideoDriverDetailsInvalid PrimaryIsNotTheChoosenAdapter GetVideoDriverDetailsInvalid PrimaryIsNotTheChoosenAdapter GetVideoDriverDetailsInvalid PrimaryIsNotTheChoosenAdapter GetVideoDriverDetailsInvalid PrimaryIsNotTheChoosenAdapter GetVideoDriverDetailsInvalid PrimaryIsNotTheChoosenAdapter GetVideoDriverDetailsInvalid PrimaryIsNotTheChoosenAdapter FoundDriverCount:0 
[2018.03.15-15.04.27:308][  0]LogD3D11RHI:     Adapter Name: NVIDIA GeForce GTX 1060
[2018.03.15-15.04.27:308][  0]LogD3D11RHI:   Driver Version: Unknown (internal:Unknown, unified:Unknown)
[2018.03.15-15.04.27:308][  0]LogD3D11RHI:      Driver Date: Unknown
[2018.03.15-15.04.27:308][  0]LogRHI: Texture pool is 4236 MB (70% of 6052 MB)
[2018.03.15-15.04.27:347][  0]LogD3D11RHI: Async texture creation enabled
[2018.03.15-15.04.27:365][  0]LogD3D11RHI: GPU Timing Frequency: 1000.000000 (Debug: 2 2)
[2018.03.15-15.04.27:461][  0]LogShaderCompilers: Guid format shader working directory is 22 characters bigger than the processId version (F:/UnrealProject/FpsGame/Intermediate/Shaders/WorkingDirectory/11996/).
[2018.03.15-15.04.27:461][  0]LogShaderCompilers: Cleaned the shader compiler working directory 'C:/Users/VULCAN/AppData/Local/Temp/UnrealShaderWorkingDir/4DC888FD4145F698BD4A61874CCEF65D/'.
[2018.03.15-15.04.27:461][  0]LogShaderCompilers: Display: Using Local Shader Compiler.
[2018.03.15-15.04.28:530][  0]LogTemp: Display: Loaded TP AllDesktopTargetPlatform
[2018.03.15-15.04.28:630][  0]LogTemp: Display: Loaded TP MacClientTargetPlatform
[2018.03.15-15.04.28:730][  0]LogTemp: Display: Loaded TP MacNoEditorTargetPlatform
[2018.03.15-15.04.28:829][  0]LogTemp: Display: Loaded TP MacServerTargetPlatform
[2018.03.15-15.04.28:930][  0]LogTemp: Display: Loaded TP MacTargetPlatform
[2018.03.15-15.04.29:029][  0]LogTemp: Display: Loaded TP WindowsClientTargetPlatform
[2018.03.15-15.04.29:131][  0]LogTemp: Display: Loaded TP WindowsNoEditorTargetPlatform
[2018.03.15-15.04.29:229][  0]LogTemp: Display: Loaded TP WindowsServerTargetPlatform
[2018.03.15-15.04.29:322][  0]LogTemp: Display: Loaded TP WindowsTargetPlatform
[2018.03.15-15.04.29:418][  0]LogTemp: Display: Loaded TP Android_ASTCTargetPlatform
[2018.03.15-15.04.29:516][  0]LogTemp: Display: Loaded TP Android_ATCTargetPlatform
[2018.03.15-15.04.29:619][  0]LogTemp: Display: Loaded TP Android_DXTTargetPlatform
[2018.03.15-15.04.29:721][  0]LogTemp: Display: Loaded TP Android_ETC1TargetPlatform
[2018.03.15-15.04.29:822][  0]LogTemp: Display: Loaded TP Android_ETC2TargetPlatform
[2018.03.15-15.04.30:019][  0]LogTemp: Display: Loaded TP Android_MultiTargetPlatform
[2018.03.15-15.04.30:019][  0]LogTemp: Display: Loaded TP Android_PVRTCTargetPlatform
[2018.03.15-15.04.30:117][  0]LogTemp: Display: Loaded TP AndroidTargetPlatform
[2018.03.15-15.04.30:204][  0]LogTemp: Display: Loaded TP HTML5TargetPlatform
[2018.03.15-15.04.30:368][  0]LogTemp: Display: Loaded TP IOSTargetPlatform
[2018.03.15-15.04.30:420][  0]LogTemp: Display: Loaded TP TVOSTargetPlatform
[2018.03.15-15.04.30:521][  0]LogTemp: Display: Loaded TP LinuxClientTargetPlatform
[2018.03.15-15.04.30:621][  0]LogTemp: Display: Loaded TP LinuxNoEditorTargetPlatform
[2018.03.15-15.04.30:721][  0]LogTemp: Display: Loaded TP LinuxServerTargetPlatform
[2018.03.15-15.04.30:821][  0]LogTemp: Display: Loaded TP LinuxTargetPlatform
[2018.03.15-15.04.30:821][  0]LogTargetPlatformManager: Display: Building Assets For Windows
[2018.03.15-15.04.31:793][  0]LogDerivedDataCache: Display: Max Cache Size: 512 MB
[2018.03.15-15.04.31:859][  0]LogDerivedDataCache: Loaded boot cache 0.07s 78MB C:/Users/VULCAN/AppData/Local/UnrealEngine/4.18/DerivedDataCache/Boot.ddc.
[2018.03.15-15.04.31:860][  0]LogDerivedDataCache: Display: Loaded Boot cache: C:/Users/VULCAN/AppData/Local/UnrealEngine/4.18/DerivedDataCache/Boot.ddc
[2018.03.15-15.04.31:860][  0]LogDerivedDataCache: FDerivedDataBackendGraph:  Pak pak cache file F:/UnrealProject/FpsGame/DerivedDataCache/DDC.ddp not found, will not use a pak cache.
[2018.03.15-15.04.31:860][  0]LogDerivedDataCache: Unable to find inner node Pak for hierarchical cache Hierarchy.
[2018.03.15-15.04.31:860][  0]LogDerivedDataCache: FDerivedDataBackendGraph:  CompressedPak pak cache file F:/UnrealProject/FpsGame/DerivedDataCache/Compressed.ddp not found, will not use a pak cache.
[2018.03.15-15.04.31:860][  0]LogDerivedDataCache: Unable to find inner node CompressedPak for hierarchical cache Hierarchy.
[2018.03.15-15.04.31:876][  0]LogDerivedDataCache: Display: Pak cache opened for reading ../../../Engine/DerivedDataCache/Compressed.ddp.
[2018.03.15-15.04.31:890][  0]LogDerivedDataCache: Using Local data cache path C:/Users/VULCAN/AppData/Local/UnrealEngine/Common/DerivedDataCache: Writable
[2018.03.15-15.04.31:900][  0]LogMaterial: Verifying Global Shaders for PCD3D_SM5
[2018.03.15-15.04.31:900][  0]LogSlate: Using Freetype 2.6.0
[2018.03.15-15.04.31:901][  0]LogSlate: SlateFontCache - WITH_FREETYPE: 1, WITH_HARFBUZZ: 1
[2018.03.15-15.04.31:901][  0]LogSlate: SlateFontCache - WITH_FREETYPE: 1, WITH_HARFBUZZ: 1
[2018.03.15-15.04.32:285][  0]LogInit: Selected Device Profile: [Windows]
[2018.03.15-15.04.32:859][  0]LogSimplygon: Simplygon DLL not present - disabling.
[2018.03.15-15.04.32:946][  0]LogMeshReduction: Using SimplygonSwarm for distributed automatic mesh merging
[2018.03.15-15.04.32:946][  0]LogMeshReduction: Using QuadricMeshReduction for automatic static mesh reduction
[2018.03.15-15.04.32:946][  0]LogMeshReduction: No automatic skeletal mesh reduction module available
[2018.03.15-15.04.32:946][  0]LogMeshReduction: No automatic mesh merging module available
[2018.03.15-15.04.32:946][  0]LogMeshMerging: No automatic mesh merging module available
[2018.03.15-15.04.32:976][  0]LogNetVersion: FpsGame , NetCL: 3709383, EngineNetVer: 2, GameNetVer: 0 (Checksum: 875609505)
[2018.03.15-15.04.33:193][  0]LogAssetRegistry: FAssetRegistry took 0.0265 seconds to start up
[2018.03.15-15.04.33:822][  0]LogPackageLocalizationCache: Processed 7 localized package path(s) for 4 prioritized culture(s) in 0.099779 seconds
[2018.03.15-15.04.33:827][  0]LogUObjectArray: 35870 objects as part of root set at end of initial load.
[2018.03.15-15.04.33:827][  0]LogUObjectAllocator: 7363704 out of 0 bytes used by permanent object pool.
[2018.03.15-15.04.33:827][  0]LogUObjectArray: CloseDisregardForGC: 0/0 objects in disregard for GC pool
[2018.03.15-15.04.33:948][  0]LogInit: WinSock: version 1.1 (2.2), MaxSocks=32767, MaxUdp=65467
[2018.03.15-15.04.38:269][  0]LogTcpMessaging: Initializing TcpMessaging bridge
[2018.03.15-15.04.38:334][  0]LogUdpMessaging: Initializing bridge on interface 0.0.0.0:0 to multicast group 230.0.0.1:6666.
[2018.03.15-15.04.39:553][  0]LogMaterial: Uniform references updated for custom material expression Custom.
[2018.03.15-15.04.40:311][  0]SourceControl: 源码控制已禁用
[2018.03.15-15.04.40:311][  0]SourceControl: 源码控制已禁用
[2018.03.15-15.04.40:410][  0]SourceControl: 源码控制已禁用
[2018.03.15-15.04.40:508][  0]SourceControl: 源码控制已禁用
[2018.03.15-15.04.42:034][  0]LogAndroidPermission: UAndroidPermissionCallbackProxy::GetInstance
[2018.03.15-15.04.42:535][  0]LogOcInput: OculusInput pre-init called
[2018.03.15-15.04.43:080][  0]LogEngine: Initializing Engine...
[2018.03.15-15.04.43:098][  0]LogHMD: Failed to initialize OpenVR with code 126
[2018.03.15-15.04.43:309][  0]LogStats: UGameplayTagsManager::ConstructGameplayTagTree: Construct from data asset -  0.000 s
[2018.03.15-15.04.43:309][  0]LogStats: UGameplayTagsManager::ConstructGameplayTagTree: GameplayTagTreeChangedEvent.Broadcast -  0.000 s
[2018.03.15-15.04.43:584][  0]LogAIModule: Creating AISystem for world Untitled
[2018.03.15-15.04.43:604][  0]LogInit: XAudio2 using '扬声器 (Realtek High Definition Audio)' : 2 channels at 48 kHz using 16 bits per sample (channel mask 0x3)
[2018.03.15-15.04.43:685][  0]LogInit: FAudioDevice initialized.
[2018.03.15-15.04.43:741][  0]LogDerivedDataCache: Saved boot cache 0.06s 78MB C:/Users/VULCAN/AppData/Local/UnrealEngine/4.18/DerivedDataCache/Boot.ddc.
[2018.03.15-15.04.43:745][  0]LogInit: Texture streaming: Enabled
[2018.03.15-15.04.43:967][  0]LogEngineSessionManager: EngineSessionManager initialized
[2018.03.15-15.04.44:245][  0]LogInit: Transaction tracking system initialized
[2018.03.15-15.04.44:929][  0]BlueprintLog: New page: 编辑器加载
[2018.03.15-15.04.46:857][  0]LocalizationService: 本地化服务已被禁用
[2018.03.15-15.04.48:407][  0]LogConsoleResponse: Display: 
[2018.03.15-15.04.48:626][  0]LogCook: Display: Max memory allowance for cook 16384mb min free memory 0mb
[2018.03.15-15.04.48:626][  0]LogCook: Display: Mobile HDR setting 1
[2018.03.15-15.04.48:626][  0]LogGameplayTags: Display: UGameplayTagsManager::DoneAddingNativeTags. DelegateIsBound: 0
[2018.03.15-15.04.49:224][  0]LogFileCache: Scanning file cache for directory 'F:/UnrealProject/FpsGame/Content/' took 0.01s
[2018.03.15-15.04.50:954][  0]SourceControl: 源码控制已禁用
[2018.03.15-15.04.50:954][  0]Cmd: MAP LOAD FILE="F:/UnrealProject/FpsGame/Content/StarterContent/Maps/Minimal_Default.umap" TEMPLATE=0 SHOWPROGRESS=1 FEATURELEVEL=3
[2018.03.15-15.04.50:954][  0]LightingResults: New page: 光照构建
[2018.03.15-15.04.51:044][  0]MapCheck: New page: 地图检测
[2018.03.15-15.04.51:044][  0]LightingResults: New page: 光照构建
[2018.03.15-15.04.51:421][  0]LogAIModule: Creating AISystem for world Minimal_Default
[2018.03.15-15.04.51:430][  0]LogEditorServer: Finished looking for orphan Actors (0.000 secs)
[2018.03.15-15.04.51:441][  0]Cmd: MAP CHECKDEP NOCLEARLOG
[2018.03.15-15.04.51:500][  0]MapCheck: 地图检测完成：0个错误，0 个警告，用时59.014毫秒完成。
[2018.03.15-15.04.51:500][  0]LogFileHelpers: Loading map 'Minimal_Default' took 0.546
[2018.03.15-15.04.51:573][  0]LogWindowsTextInputMethodSystem: Display: IME system now activated using TSF (微软拼音).
[2018.03.15-15.04.51:711][  0]LogCollectionManager: Loaded 0 collections in 0.001304 seconds
[2018.03.15-15.04.51:854][  0]LogFileCache: Scanning file cache for directory 'F:/UnrealProject/FpsGame/Saved/Collections/' took 0.01s
[2018.03.15-15.04.51:854][  0]LogFileCache: Scanning file cache for directory 'F:/UnrealProject/FpsGame/Content/Developers/VULCAN/Collections/' took 0.01s
[2018.03.15-15.04.51:854][  0]LogFileCache: Scanning file cache for directory 'F:/UnrealProject/FpsGame/Content/Collections/' took 0.01s
[2018.03.15-15.04.51:854][  0]LogCollectionManager: Rebuilt the GUID cache for 0 collections in 0.000000 seconds
[2018.03.15-15.04.51:864][  0]LogContentBrowser: Native class hierarchy populated in 0.0084 seconds. Added 2363 classes and 519 folders.
[2018.03.15-15.04.52:007][  0]LogContentBrowser: Native class hierarchy updated for 'WidgetCarousel' in 0.0002 seconds. Added 0 classes and 0 folders.
[2018.03.15-15.04.52:111][  0]LogContentBrowser: Native class hierarchy updated for 'AddContentDialog' in 0.0003 seconds. Added 0 classes and 0 folders.
[2018.03.15-15.04.52:213][  0]LogContentBrowser: Native class hierarchy updated for 'SceneOutliner' in 0.0002 seconds. Added 1 classes and 2 folders.
[2018.03.15-15.04.52:343][  0]LogSlate: Took 0.000221 seconds to synchronously load lazily loaded font '../../../Engine/Content/Slate/Fonts/Roboto-Regular.ttf' (155K)
[2018.03.15-15.04.52:347][  0]LogSlate: Took 0.002928 seconds to synchronously load lazily loaded font '../../../Engine/Content/Slate/Fonts/DroidSansFallback.ttf' (3848K)
[2018.03.15-15.04.52:348][  0]LogSlate: Took 0.000140 seconds to synchronously load lazily loaded font '../../../Engine/Content/Slate/Fonts/Roboto-Bold.ttf' (160K)
[2018.03.15-15.04.52:354][  0]LogSlate: Took 0.001130 seconds to synchronously load lazily loaded font '../../../Engine/Content/Editor/Slate/Fonts/FontAwesome.ttf' (139K)
[2018.03.15-15.04.52:465][  0]LogRenderer: Reallocating scene render targets to support 1104x640 Format 10 NumSamples 1 (Frame:1).
[2018.03.15-15.04.52:682][  0]LogContentBrowser: Native class hierarchy updated for 'HierarchicalLODOutliner' in 0.0002 seconds. Added 1 classes and 2 folders.
[2018.03.15-15.04.52:682][  0]LogLoad: (Engine Initialization) Total time: 29.36 seconds
[2018.03.15-15.04.52:682][  0]LogLoad: (Engine Initialization) Total Blueprint compile time: 0.00 seconds
[2018.03.15-15.04.52:682][  0]LogExternalProfiler: No external profilers were discovered.  External profiling features will not be available.
[2018.03.15-15.04.52:721][  0]LogContentStreaming: Texture pool size now 1000 MB
[2018.03.15-15.04.52:770][  0]LogSlate: Took 0.001495 seconds to synchronously load lazily loaded font '../../../Engine/Content/Slate/Fonts/Roboto-Light.ttf' (159K)
[2018.03.15-15.04.52:803][  1]LogAssetRegistry: Asset discovery search completed in 19.6323 seconds
[2018.03.15-15.04.52:805][  1]LogCollectionManager: Rebuilt the object cache for 0 collections in 0.000000 seconds (found 0 objects)
[2018.03.15-15.04.52:805][  1]LogCollectionManager: Fixed up redirectors for 0 collections in 0.000043 seconds (updated 0 objects)
[2018.03.15-15.04.53:709][ 54]LogSlate: Took 0.000219 seconds to synchronously load lazily loaded font '../../../Engine/Content/Slate/Fonts/Roboto-Light.ttf' (159K)
[2018.03.15-15.05.03:241][620]LogBlueprint: Warning: [Compiler FppAnim] Node  混合空间播放器'FppMoveBlend'  uses potentially thread-unsafe call  Try Get Pawn Owner . Disable threaded update or use a thread-safe call. Function may need BlueprintThreadSafe metadata adding.
[2018.03.15-15.05.03:241][620]LogBlueprint: Warning: [Compiler FppAnim] Node  混合空间播放器'FppMoveBlend'  uses potentially thread-unsafe call  Try Get Pawn Owner . Disable threaded update or use a thread-safe call. Function may need BlueprintThreadSafe metadata adding.
[2018.03.15-15.05.03:241][620]LogBlueprint: Warning: [Compiler FppAnim] [0039.92] Compile of FppAnim successful, but with 2 Warning(s) [in 9 ms] (/Game/Assets/Blueprints/FppAnim.FppAnim)
[2018.03.15-15.05.03:606][620]LogSlate: Took 0.000131 seconds to synchronously load lazily loaded font '../../../Engine/Content/Slate/Fonts/Roboto-Light.ttf' (159K)
[2018.03.15-15.05.03:967][620]LogContentBrowser: Native class hierarchy updated for 'BlueprintGraph' in 0.0005 seconds. Added 116 classes and 0 folders.
[2018.03.15-15.05.04:665][620]LogBlueprint: Warning: [Compiler RobotAnim] Node  结果  uses potentially thread-unsafe call Get Shooter. Disable threaded update or use a thread-safe call. Function may need BlueprintThreadSafe metadata adding.
[2018.03.15-15.05.04:665][620]LogBlueprint: Warning: [Compiler RobotAnim] Node  结果  uses potentially thread-unsafe call  Get Shooter . Disable threaded update or use a thread-safe call. Function may need BlueprintThreadSafe metadata adding.
[2018.03.15-15.05.04:665][620]LogBlueprint: Warning: [Compiler RobotAnim] Node  混合空间播放器'RobotAniBlend'  uses potentially thread-unsafe call  Try Get Pawn Owner . Disable threaded update or use a thread-safe call. Function may need BlueprintThreadSafe metadata adding.
[2018.03.15-15.05.04:665][620]LogBlueprint: Warning: [Compiler RobotAnim] Node  混合空间播放器'RobotAniBlend'  uses potentially thread-unsafe call  Try Get Pawn Owner . Disable threaded update or use a thread-safe call. Function may need BlueprintThreadSafe metadata adding.
[2018.03.15-15.05.04:665][620]LogBlueprint: Warning: [Compiler RobotAnim] [0041.34] Compile of RobotAnim successful, but with 4 Warning(s) [in 5 ms] (/Game/Assets/Blueprints/RobotAnim.RobotAnim)
[2018.03.15-15.05.04:891][620]LogContentBrowser: Native class hierarchy updated for 'SkeletonEditor' in 0.0003 seconds. Added 1 classes and 2 folders.
[2018.03.15-15.05.05:129][620]LogActorComponent: RegisterComponentWithWorld: (/Engine/Transient.World_2:PersistentLevel.Actor_0.DebugSkelMeshComponent_0) Already registered. Aborting.
[2018.03.15-15.05.05:130][620]LogScript: Warning: Accessed None trying to read property CallFunc_TryGetPawnOwner_ReturnValue
	RobotAnim_C /Engine/Transient.World_2:PersistentLevel.Actor_0.DebugSkelMeshComponent_0.RobotAnim_C_0
	Function /Game/Assets/Blueprints/RobotAnim.RobotAnim_C:ExecuteUbergraph_RobotAnim:0040
[2018.03.15-15.05.05:130][620]LogScript: Warning: Accessed None trying to read property CallFunc_GetShooter_RbShooter
	RobotAnim_C /Engine/Transient.World_2:PersistentLevel.Actor_0.DebugSkelMeshComponent_0.RobotAnim_C_0
	Function /Game/Assets/Blueprints/RobotAnim.RobotAnim_C:ExecuteUbergraph_RobotAnim:00CD
[2018.03.15-15.05.05:130][620]LogScript: Warning: Accessed None trying to read property CallFunc_TryGetPawnOwner_ReturnValue
	RobotAnim_C /Engine/Transient.World_2:PersistentLevel.Actor_0.DebugSkelMeshComponent_0.RobotAnim_C_0
	Function /Game/Assets/Blueprints/RobotAnim.RobotAnim_C:ExecuteUbergraph_RobotAnim:0040
[2018.03.15-15.05.05:371][620]LogSkeletalMesh: USkeletalMeshComponent::InitArticulated : Bodies already created (/Engine/Transient.World_2:PersistentLevel.Actor_0.DebugSkelMeshComponent_0) - call TermArticulated first.
[2018.03.15-15.05.06:881][620]LogScript: Warning: Accessed None trying to read property CallFunc_TryGetPawnOwner_ReturnValue
	RobotAnim_C /Engine/Transient.World_11:PersistentLevel.SkeletalMeshActor_2.SkeletalMeshComponent0.RobotAnim_C_1
	Function /Game/Assets/Blueprints/RobotAnim.RobotAnim_C:ExecuteUbergraph_RobotAnim:0040
[2018.03.15-15.05.06:881][620]LogScript: Warning: Accessed None trying to read property CallFunc_GetShooter_RbShooter
	RobotAnim_C /Engine/Transient.World_11:PersistentLevel.SkeletalMeshActor_2.SkeletalMeshComponent0.RobotAnim_C_1
	Function /Game/Assets/Blueprints/RobotAnim.RobotAnim_C:ExecuteUbergraph_RobotAnim:00CD
[2018.03.15-15.05.06:882][620]LogScript: Warning: Accessed None trying to read property CallFunc_TryGetPawnOwner_ReturnValue
	RobotAnim_C /Engine/Transient.World_11:PersistentLevel.SkeletalMeshActor_2.SkeletalMeshComponent0.RobotAnim_C_1
	Function /Game/Assets/Blueprints/RobotAnim.RobotAnim_C:ExecuteUbergraph_RobotAnim:0040
[2018.03.15-15.05.06:890][620]LogScript: Warning: Accessed None trying to read property CallFunc_GetShooter_RbShooter
	RobotAnim_C /Engine/Transient.World_2:PersistentLevel.Actor_0.DebugSkelMeshComponent_0.RobotAnim_C_0
	Function /Game/Assets/Blueprints/RobotAnim.RobotAnim_C:ExecuteUbergraph_RobotAnim:00CD
[2018.03.15-15.05.06:890][620]LogScript: Warning: Accessed None trying to read property CallFunc_TryGetPawnOwner_ReturnValue
	RobotAnim_C /Engine/Transient.World_2:PersistentLevel.Actor_0.DebugSkelMeshComponent_0.RobotAnim_C_0
	Function /Game/Assets/Blueprints/RobotAnim.RobotAnim_C:ExecuteUbergraph_RobotAnim:0040
[2018.03.15-15.05.06:898][620]LogSlate: Took 0.001452 seconds to synchronously load lazily loaded font '../../../Engine/Content/Editor/Slate/Fonts/Roboto-BoldCondensed.ttf' (158K)
[2018.03.15-15.05.06:988][621]LogScript: Warning: Accessed None trying to read property CallFunc_GetShooter_RbShooter
	RobotAnim_C /Engine/Transient.World_2:PersistentLevel.Actor_0.DebugSkelMeshComponent_0.RobotAnim_C_0
	Function /Game/Assets/Blueprints/RobotAnim.RobotAnim_C:ExecuteUbergraph_RobotAnim:00CD
[2018.03.15-15.05.06:988][621]LogScript: Warning: Accessed None trying to read property CallFunc_TryGetPawnOwner_ReturnValue
	RobotAnim_C /Engine/Transient.World_2:PersistentLevel.Actor_0.DebugSkelMeshComponent_0.RobotAnim_C_0
	Function /Game/Assets/Blueprints/RobotAnim.RobotAnim_C:ExecuteUbergraph_RobotAnim:0040
[2018.03.15-15.05.07:321][622]LogScript: Warning: Accessed None trying to read property CallFunc_GetShooter_RbShooter
	RobotAnim_C /Engine/Transient.World_2:PersistentLevel.Actor_0.DebugSkelMeshComponent_0.RobotAnim_C_0
	Function /Game/Assets/Blueprints/RobotAnim.RobotAnim_C:ExecuteUbergraph_RobotAnim:00CD
[2018.03.15-15.05.07:321][622]LogScript: Warning: Accessed None trying to read property CallFunc_TryGetPawnOwner_ReturnValue
	RobotAnim_C /Engine/Transient.World_2:PersistentLevel.Actor_0.DebugSkelMeshComponent_0.RobotAnim_C_0
	Function /Game/Assets/Blueprints/RobotAnim.RobotAnim_C:ExecuteUbergraph_RobotAnim:0040
[2018.03.15-15.05.07:656][623]LogScript: Warning: Accessed None trying to read property CallFunc_GetShooter_RbShooter
	RobotAnim_C /Engine/Transient.World_2:PersistentLevel.Actor_0.DebugSkelMeshComponent_0.RobotAnim_C_0
	Function /Game/Assets/Blueprints/RobotAnim.RobotAnim_C:ExecuteUbergraph_RobotAnim:00CD
[2018.03.15-15.05.07:656][623]LogScript: Warning: Accessed None trying to read property CallFunc_TryGetPawnOwner_ReturnValue
	RobotAnim_C /Engine/Transient.World_2:PersistentLevel.Actor_0.DebugSkelMeshComponent_0.RobotAnim_C_0
	Function /Game/Assets/Blueprints/RobotAnim.RobotAnim_C:ExecuteUbergraph_RobotAnim:0040
[2018.03.15-15.05.07:992][624]LogScript: Warning: Accessed None trying to read property CallFunc_GetShooter_RbShooter
	RobotAnim_C /Engine/Transient.World_2:PersistentLevel.Actor_0.DebugSkelMeshComponent_0.RobotAnim_C_0
	Function /Game/Assets/Blueprints/RobotAnim.RobotAnim_C:ExecuteUbergraph_RobotAnim:00CD
[2018.03.15-15.05.07:992][624]LogScript: Warning: Accessed None trying to read property CallFunc_TryGetPawnOwner_ReturnValue
	RobotAnim_C /Engine/Transient.World_2:PersistentLevel.Actor_0.DebugSkelMeshComponent_0.RobotAnim_C_0
	Function /Game/Assets/Blueprints/RobotAnim.RobotAnim_C:ExecuteUbergraph_RobotAnim:0040
[2018.03.15-15.05.08:324][625]LogScript: Warning: Accessed None trying to read property CallFunc_GetShooter_RbShooter
	RobotAnim_C /Engine/Transient.World_2:PersistentLevel.Actor_0.DebugSkelMeshComponent_0.RobotAnim_C_0
	Function /Game/Assets/Blueprints/RobotAnim.RobotAnim_C:ExecuteUbergraph_RobotAnim:00CD
[2018.03.15-15.05.08:324][625]LogScript: Warning: Accessed None trying to read property CallFunc_TryGetPawnOwner_ReturnValue
	RobotAnim_C /Engine/Transient.World_2:PersistentLevel.Actor_0.DebugSkelMeshComponent_0.RobotAnim_C_0
	Function /Game/Assets/Blueprints/RobotAnim.RobotAnim_C:ExecuteUbergraph_RobotAnim:0040
[2018.03.15-15.05.08:656][626]LogScript: Warning: Accessed None trying to read property CallFunc_GetShooter_RbShooter
	RobotAnim_C /Engine/Transient.World_2:PersistentLevel.Actor_0.DebugSkelMeshComponent_0.RobotAnim_C_0
	Function /Game/Assets/Blueprints/RobotAnim.RobotAnim_C:ExecuteUbergraph_RobotAnim:00CD
[2018.03.15-15.05.08:656][626]LogScript: Warning: Accessed None trying to read property CallFunc_TryGetPawnOwner_ReturnValue
	RobotAnim_C /Engine/Transient.World_2:PersistentLevel.Actor_0.DebugSkelMeshComponent_0.RobotAnim_C_0
	Function /Game/Assets/Blueprints/RobotAnim.RobotAnim_C:ExecuteUbergraph_RobotAnim:0040
[2018.03.15-15.05.13:586][825]LogContentBrowser: Native class hierarchy updated for 'ClothingSystemEditorInterface' in 0.0002 seconds. Added 1 classes and 0 folders.
[2018.03.15-15.05.13:625][825]LogContentBrowser: Verbose: The majority of assets in the view are of type: AnimSequence
[2018.03.15-15.05.20:714][237]LogActorComponent: RegisterComponentWithWorld: (/Engine/Transient.World_13:PersistentLevel.Actor_1.DebugSkelMeshComponent_2) Already registered. Aborting.
[2018.03.15-15.05.20:740][237]LogSkeletalMesh: USkeletalMeshComponent::InitArticulated : Bodies already created (/Engine/Transient.World_13:PersistentLevel.Actor_1.DebugSkelMeshComponent_2) - call TermArticulated first.
[2018.03.15-15.05.21:076][237]LogContentBrowser: Verbose: The majority of assets in the view are of type: AnimSequence
[2018.03.15-15.05.27:531][605]LogSlate: Took 0.001194 seconds to synchronously load lazily loaded font '../../../Engine/Content/Editor/Slate/Fonts/Roboto-Italic.ttf' (157K)
[2018.03.15-15.05.34:456][ 10]LogAIModule: Creating AISystem for world FPSTest
[2018.03.15-15.05.34:495][ 10]Cmd: MAP LOAD FILE="F:/UnrealProject/FpsGame/Content/StarterContent/Maps/FPSTest.umap" TEMPLATE=0 SHOWPROGRESS=1 FEATURELEVEL=3
[2018.03.15-15.05.34:495][ 10]LightingResults: New page: 光照构建
[2018.03.15-15.05.34:495][ 10]LoadErrors: New page: 正在加载地图： FPSTest.umap
[2018.03.15-15.05.34:496][ 10]MapCheck: New page: 地图检测
[2018.03.15-15.05.34:496][ 10]LightingResults: New page: 光照构建
[2018.03.15-15.05.34:592][ 10]LogEditorServer: Finished looking for orphan Actors (0.000 secs)
[2018.03.15-15.05.34:629][ 10]Cmd: MAP CHECKDEP NOCLEARLOG
[2018.03.15-15.05.34:706][ 10]MapCheck: 地图检测完成：0个错误，0 个警告，用时77.003毫秒完成。
[2018.03.15-15.05.34:707][ 10]LogFileHelpers: Loading map 'FPSTest' took 0.213
[2018.03.15-15.05.35:874][ 78]LogTemp: Repeating last play command: 选中的视口
[2018.03.15-15.05.36:022][ 78]LogPlayLevel: PlayLevel: No blueprints needed recompiling
[2018.03.15-15.05.36:023][ 78]PIE: New page: PIE会话: FPSTest (2018年3月16日 上午7:05:36)
[2018.03.15-15.05.36:023][ 78]LogPlayLevel: Creating play world package: /Game/StarterContent/Maps/UEDPIE_0_FPSTest
[2018.03.15-15.05.36:030][ 78]LogPlayLevel: PIE: StaticDuplicateObject took: (0.006984s)
[2018.03.15-15.05.36:031][ 78]LogAIModule: Creating AISystem for world FPSTest
[2018.03.15-15.05.36:031][ 78]LogPlayLevel: PIE: World Init took: (0.000597s)
[2018.03.15-15.05.36:031][ 78]LogPlayLevel: PIE: Created PIE world by copying editor world from /Game/StarterContent/Maps/FPSTest.FPSTest to /Game/StarterContent/Maps/UEDPIE_0_FPSTest.FPSTest (0.007863s)
[2018.03.15-15.05.36:061][ 78]LogInit: XAudio2 using '扬声器 (Realtek High Definition Audio)' : 2 channels at 48 kHz using 16 bits per sample (channel mask 0x3)
[2018.03.15-15.05.36:095][ 78]LogInit: FAudioDevice initialized.
[2018.03.15-15.05.36:137][ 78]LogLoad: Game class is 'ShooterGame_C'
[2018.03.15-15.05.36:140][ 78]LogWorld: Bringing World /Game/StarterContent/Maps/UEDPIE_0_FPSTest.FPSTest up for play (max tick rate 60) at 2018.03.15-23.05.36
[2018.03.15-15.05.36:145][ 78]LogWorld: Bringing up level for play took: 0.007378
[2018.03.15-15.05.36:235][ 78]LogContentBrowser: Native class hierarchy updated for 'MovieSceneCapture' in 0.0003 seconds. Added 11 classes and 0 folders.
[2018.03.15-15.05.36:239][ 78]PIE: /Game/StarterContent/Maps/UEDPIE_0_FPSTest的‘在编辑器中播放’的起始时间1.047
[2018.03.15-15.05.38:003][182]LogBlueprintUserMessages: [RobotShooter_2] 90.0
[2018.03.15-15.05.38:003][182]LogBlueprintUserMessages: [FppShooter_C_0] 90.0
[2018.03.15-15.05.38:147][191]LogBlueprintUserMessages: [RobotShooter_2] 80.0
[2018.03.15-15.05.38:147][191]LogBlueprintUserMessages: [FppShooter_C_0] 80.0
[2018.03.15-15.05.38:447][209]LogBlueprintUserMessages: [RobotShooter_2] 70.0
[2018.03.15-15.05.38:447][209]LogBlueprintUserMessages: [FppShooter_C_0] 70.0
[2018.03.15-15.05.38:898][236]LogBlueprintUserMessages: [RobotShooter_2] 60.0
[2018.03.15-15.05.38:898][236]LogBlueprintUserMessages: [FppShooter_C_0] 60.0
[2018.03.15-15.05.39:198][254]LogBlueprintUserMessages: [RobotShooter_2] 50.0
[2018.03.15-15.05.39:198][254]LogBlueprintUserMessages: [FppShooter_C_0] 50.0
[2018.03.15-15.05.39:348][263]LogBlueprintUserMessages: [RobotShooter_2] 40.0
[2018.03.15-15.05.39:348][263]LogBlueprintUserMessages: [FppShooter_C_0] 40.0
[2018.03.15-15.05.39:948][299]LogBlueprintUserMessages: [RobotShooter_2] 30.0
[2018.03.15-15.05.39:948][299]LogBlueprintUserMessages: [FppShooter_C_0] 30.0
[2018.03.15-15.05.40:098][308]LogBlueprintUserMessages: [RobotShooter_2] 20.0
[2018.03.15-15.05.40:098][308]LogBlueprintUserMessages: [FppShooter_C_0] 20.0
[2018.03.15-15.05.40:248][317]LogBlueprintUserMessages: [RobotShooter_2] 10.0
[2018.03.15-15.05.40:248][317]LogBlueprintUserMessages: [FppShooter_C_0] 10.0
[2018.03.15-15.05.40:848][353]LogBlueprintUserMessages: [RobotShooter_2] 0.0
[2018.03.15-15.05.40:856][353]LogBlueprintUserMessages: [FppShooter_C_0] 0.0
[2018.03.15-15.05.41:148][371]LogBlueprintUserMessages: [RobotShooter2] 90.0
[2018.03.15-15.05.41:148][371]LogBlueprintUserMessages: [FppShooter_C_0] 90.0
[2018.03.15-15.05.41:298][380]LogBlueprintUserMessages: [RobotShooter2] 80.0
[2018.03.15-15.05.41:298][380]LogBlueprintUserMessages: [FppShooter_C_0] 80.0
[2018.03.15-15.05.41:448][389]LogBlueprintUserMessages: [RobotShooter2] 70.0
[2018.03.15-15.05.41:448][389]LogBlueprintUserMessages: [FppShooter_C_0] 70.0
[2018.03.15-15.05.42:048][425]LogBlueprintUserMessages: [RobotShooter2] 60.0
[2018.03.15-15.05.42:048][425]LogBlueprintUserMessages: [FppShooter_C_0] 60.0
[2018.03.15-15.05.42:198][434]LogBlueprintUserMessages: [RobotShooter2] 50.0
[2018.03.15-15.05.42:198][434]LogBlueprintUserMessages: [FppShooter_C_0] 50.0
[2018.03.15-15.05.42:348][443]LogBlueprintUserMessages: [RobotShooter2] 40.0
[2018.03.15-15.05.42:348][443]LogBlueprintUserMessages: [FppShooter_C_0] 40.0
[2018.03.15-15.05.42:498][452]LogBlueprintUserMessages: [RobotShooter2] 30.0
[2018.03.15-15.05.42:498][452]LogBlueprintUserMessages: [FppShooter_C_0] 30.0
[2018.03.15-15.05.42:648][461]LogBlueprintUserMessages: [RobotShooter2] 20.0
[2018.03.15-15.05.42:648][461]LogBlueprintUserMessages: [FppShooter_C_0] 20.0
[2018.03.15-15.05.42:798][470]LogBlueprintUserMessages: [RobotShooter2] 10.0
[2018.03.15-15.05.42:798][470]LogBlueprintUserMessages: [FppShooter_C_0] 10.0
[2018.03.15-15.05.42:948][479]LogBlueprintUserMessages: [RobotShooter2] 0.0
[2018.03.15-15.05.42:948][479]LogBlueprintUserMessages: [FppShooter_C_0] 0.0
[2018.03.15-15.05.43:099][488]LogBlueprintUserMessages: [RobotShooter2] -10.0
[2018.03.15-15.05.43:099][488]LogBlueprintUserMessages: [FppShooter_C_0] -10.0
[2018.03.15-15.05.43:248][497]LogBlueprintUserMessages: [RobotShooter2] -20.0
[2018.03.15-15.05.43:248][497]LogBlueprintUserMessages: [FppShooter_C_0] -20.0
[2018.03.15-15.05.43:698][524]LogBlueprintUserMessages: [RobotShooter5] 90.0
[2018.03.15-15.05.43:698][524]LogBlueprintUserMessages: [FppShooter_C_0] 90.0
[2018.03.15-15.05.43:848][533]LogBlueprintUserMessages: [RobotShooter5] 80.0
[2018.03.15-15.05.43:848][533]LogBlueprintUserMessages: [FppShooter_C_0] 80.0
[2018.03.15-15.05.43:998][542]LogBlueprintUserMessages: [RobotShooter5] 70.0
[2018.03.15-15.05.43:998][542]LogBlueprintUserMessages: [FppShooter_C_0] 70.0
[2018.03.15-15.05.44:148][551]LogBlueprintUserMessages: [RobotShooter5] 60.0
[2018.03.15-15.05.44:148][551]LogBlueprintUserMessages: [FppShooter_C_0] 60.0
[2018.03.15-15.05.44:298][560]LogBlueprintUserMessages: [RobotShooter5] 50.0
[2018.03.15-15.05.44:298][560]LogBlueprintUserMessages: [FppShooter_C_0] 50.0
[2018.03.15-15.05.44:448][569]LogBlueprintUserMessages: [RobotShooter5] 40.0
[2018.03.15-15.05.44:448][569]LogBlueprintUserMessages: [FppShooter_C_0] 40.0
[2018.03.15-15.05.44:598][578]LogBlueprintUserMessages: [RobotShooter5] 30.0
[2018.03.15-15.05.44:598][578]LogBlueprintUserMessages: [FppShooter_C_0] 30.0
[2018.03.15-15.05.44:748][587]LogBlueprintUserMessages: [RobotShooter5] 20.0
[2018.03.15-15.05.44:748][587]LogBlueprintUserMessages: [FppShooter_C_0] 20.0
[2018.03.15-15.05.44:898][596]LogBlueprintUserMessages: [RobotShooter5] 10.0
[2018.03.15-15.05.44:898][596]LogBlueprintUserMessages: [FppShooter_C_0] 10.0
[2018.03.15-15.05.45:048][605]LogBlueprintUserMessages: [RobotShooter5] 0.0
[2018.03.15-15.05.45:048][605]LogBlueprintUserMessages: [FppShooter_C_0] 0.0
[2018.03.15-15.05.45:198][614]LogBlueprintUserMessages: [RobotShooter5] -10.0
[2018.03.15-15.05.45:198][614]LogBlueprintUserMessages: [FppShooter_C_0] -10.0
[2018.03.15-15.05.45:798][650]LogBlueprintUserMessages: [RobotShooter4] 90.0
[2018.03.15-15.05.45:798][650]LogBlueprintUserMessages: [FppShooter_C_0] 90.0
[2018.03.15-15.05.45:948][659]LogBlueprintUserMessages: [RobotShooter4] 80.0
[2018.03.15-15.05.45:948][659]LogBlueprintUserMessages: [FppShooter_C_0] 80.0
[2018.03.15-15.05.46:098][668]LogBlueprintUserMessages: [RobotShooter4] 70.0
[2018.03.15-15.05.46:098][668]LogBlueprintUserMessages: [FppShooter_C_0] 70.0
[2018.03.15-15.05.46:248][677]LogBlueprintUserMessages: [RobotShooter4] 60.0
[2018.03.15-15.05.46:248][677]LogBlueprintUserMessages: [FppShooter_C_0] 60.0
[2018.03.15-15.05.46:398][686]LogBlueprintUserMessages: [RobotShooter4] 50.0
[2018.03.15-15.05.46:398][686]LogBlueprintUserMessages: [FppShooter_C_0] 50.0
[2018.03.15-15.05.46:548][695]LogBlueprintUserMessages: [RobotShooter4] 40.0
[2018.03.15-15.05.46:548][695]LogBlueprintUserMessages: [FppShooter_C_0] 40.0
[2018.03.15-15.05.46:698][704]LogBlueprintUserMessages: [RobotShooter4] 30.0
[2018.03.15-15.05.46:698][704]LogBlueprintUserMessages: [FppShooter_C_0] 30.0
[2018.03.15-15.05.46:848][713]LogBlueprintUserMessages: [RobotShooter4] 20.0
[2018.03.15-15.05.46:848][713]LogBlueprintUserMessages: [FppShooter_C_0] 20.0
[2018.03.15-15.05.46:998][721]LogBlueprintUserMessages: [RobotShooter3] 90.0
[2018.03.15-15.05.46:998][721]LogBlueprintUserMessages: [FppShooter_C_0] 90.0
[2018.03.15-15.05.47:147][730]LogBlueprintUserMessages: [RobotShooter3] 80.0
[2018.03.15-15.05.47:147][730]LogBlueprintUserMessages: [FppShooter_C_0] 80.0
[2018.03.15-15.05.47:297][739]LogBlueprintUserMessages: [RobotShooter3] 70.0
[2018.03.15-15.05.47:297][739]LogBlueprintUserMessages: [FppShooter_C_0] 70.0
[2018.03.15-15.05.47:447][748]LogBlueprintUserMessages: [RobotShooter3] 60.0
[2018.03.15-15.05.47:447][748]LogBlueprintUserMessages: [FppShooter_C_0] 60.0
[2018.03.15-15.05.47:598][757]LogBlueprintUserMessages: [RobotShooter3] 50.0
[2018.03.15-15.05.47:598][757]LogBlueprintUserMessages: [FppShooter_C_0] 50.0
[2018.03.15-15.05.47:747][766]LogBlueprintUserMessages: [RobotShooter3] 40.0
[2018.03.15-15.05.47:747][766]LogBlueprintUserMessages: [FppShooter_C_0] 40.0
[2018.03.15-15.05.48:048][784]LogBlueprintUserMessages: [RobotShooter3] 30.0
[2018.03.15-15.05.48:048][784]LogBlueprintUserMessages: [FppShooter_C_0] 30.0
[2018.03.15-15.05.48:198][793]LogBlueprintUserMessages: [RobotShooter3] 20.0
[2018.03.15-15.05.48:198][793]LogBlueprintUserMessages: [FppShooter_C_0] 20.0
[2018.03.15-15.05.48:497][811]LogBlueprintUserMessages: [RobotShooter3] 10.0
[2018.03.15-15.05.48:497][811]LogBlueprintUserMessages: [FppShooter_C_0] 10.0
[2018.03.15-15.05.48:948][838]LogBlueprintUserMessages: [RobotShooter4] 10.0
[2018.03.15-15.05.48:948][838]LogBlueprintUserMessages: [FppShooter_C_0] 10.0
[2018.03.15-15.05.49:097][847]LogBlueprintUserMessages: [RobotShooter3] 0.0
[2018.03.15-15.05.49:097][847]LogBlueprintUserMessages: [FppShooter_C_0] 0.0
[2018.03.15-15.05.50:148][910]LogBlueprintUserMessages: [RobotShooter4] 0.0
[2018.03.15-15.05.50:148][910]LogBlueprintUserMessages: [FppShooter_C_0] 0.0
[2018.03.15-15.05.50:447][928]LogBlueprintUserMessages: [RobotShooter4] -10.0
[2018.03.15-15.05.50:448][928]LogBlueprintUserMessages: [FppShooter_C_0] -10.0
[2018.03.15-15.06.12:381][208]Cmd: OBJ SAVEPACKAGE PACKAGE="/Game/Assets/Blueprints/RobotShooter" FILE="F:/UnrealProject/FpsGame/Content/Assets/Blueprints/RobotShooter.uasset" SILENT=true
[2018.03.15-15.06.12:430][208]LogSavePackage: Save=41.11ms
[2018.03.15-15.06.12:430][208]LogSavePackage: Moving 'F:/UnrealProject/FpsGame/Saved/RobotShooter6CECAAA7467C81DDF1363897079060B2.tmp' to 'F:/UnrealProject/FpsGame/Content/Assets/Blueprints/RobotShooter.uasset'
[2018.03.15-15.06.12:432][208]LogSavePackage: Display: Finished SavePackage F:/UnrealProject/FpsGame/Content/Assets/Blueprints/RobotShooter.uasset
[2018.03.15-15.06.17:847][513]Cmd: OBJ SAVEPACKAGE PACKAGE="/Game/Assets/Blueprints/RobotShooter" FILE="F:/UnrealProject/FpsGame/Content/Assets/Blueprints/RobotShooter.uasset" SILENT=true
[2018.03.15-15.06.17:884][513]LogSavePackage: Save=30.80ms
[2018.03.15-15.06.17:884][513]LogSavePackage: Moving 'F:/UnrealProject/FpsGame/Saved/RobotShooter5763F6CF42984D1061348BA35DE0E925.tmp' to 'F:/UnrealProject/FpsGame/Content/Assets/Blueprints/RobotShooter.uasset'
[2018.03.15-15.06.17:886][513]LogSavePackage: Display: Finished SavePackage F:/UnrealProject/FpsGame/Content/Assets/Blueprints/RobotShooter.uasset
